CRITICAL - 2023-01-17 03:02:05 --> Undefined array key "sortBy"
in APPPATH\Models\Properties.php on line 45.
 1 APPPATH\Models\Properties.php(45): CodeIgniter\Debug\Exceptions->errorHandler(2, 'Undefined array key "sortBy"', 'APPPATH\\Models\\Properties.php', 45)
 2 APPPATH\Controllers\Home.php(16): App\Models\Properties->filterData([])
 3 SYSTEMPATH\CodeIgniter.php(925): App\Controllers\Home->index()
 4 SYSTEMPATH\CodeIgniter.php(480): CodeIgniter\CodeIgniter->runController(Object(App\Controllers\Home))
 5 SYSTEMPATH\CodeIgniter.php(349): CodeIgniter\CodeIgniter->handleRequest(null, Object(Config\Cache), false)
 6 FCPATH\index.php(67): CodeIgniter\CodeIgniter->run()
CRITICAL - 2023-01-17 03:04:45 --> Undefined array key "sortBy"
in APPPATH\Models\Properties.php on line 45.
 1 APPPATH\Models\Properties.php(45): CodeIgniter\Debug\Exceptions->errorHandler(2, 'Undefined array key "sortBy"', 'APPPATH\\Models\\Properties.php', 45)
 2 APPPATH\Controllers\Home.php(16): App\Models\Properties->filterData([])
 3 SYSTEMPATH\CodeIgniter.php(925): App\Controllers\Home->index()
 4 SYSTEMPATH\CodeIgniter.php(480): CodeIgniter\CodeIgniter->runController(Object(App\Controllers\Home))
 5 SYSTEMPATH\CodeIgniter.php(349): CodeIgniter\CodeIgniter->handleRequest(null, Object(Config\Cache), false)
 6 FCPATH\index.php(67): CodeIgniter\CodeIgniter->run()
CRITICAL - 2023-01-17 03:04:48 --> Undefined array key "sortBy"
in APPPATH\Models\Properties.php on line 45.
 1 APPPATH\Models\Properties.php(45): CodeIgniter\Debug\Exceptions->errorHandler(2, 'Undefined array key "sortBy"', 'APPPATH\\Models\\Properties.php', 45)
 2 APPPATH\Controllers\Home.php(16): App\Models\Properties->filterData([])
 3 SYSTEMPATH\CodeIgniter.php(925): App\Controllers\Home->index()
 4 SYSTEMPATH\CodeIgniter.php(480): CodeIgniter\CodeIgniter->runController(Object(App\Controllers\Home))
 5 SYSTEMPATH\CodeIgniter.php(349): CodeIgniter\CodeIgniter->handleRequest(null, Object(Config\Cache), false)
 6 FCPATH\index.php(67): CodeIgniter\CodeIgniter->run()
CRITICAL - 2023-01-17 03:04:52 --> Undefined array key "sortBy"
in APPPATH\Models\Properties.php on line 45.
 1 APPPATH\Models\Properties.php(45): CodeIgniter\Debug\Exceptions->errorHandler(2, 'Undefined array key "sortBy"', 'APPPATH\\Models\\Properties.php', 45)
 2 APPPATH\Controllers\Home.php(16): App\Models\Properties->filterData([])
 3 SYSTEMPATH\CodeIgniter.php(925): App\Controllers\Home->index()
 4 SYSTEMPATH\CodeIgniter.php(480): CodeIgniter\CodeIgniter->runController(Object(App\Controllers\Home))
 5 SYSTEMPATH\CodeIgniter.php(349): CodeIgniter\CodeIgniter->handleRequest(null, Object(Config\Cache), false)
 6 FCPATH\index.php(67): CodeIgniter\CodeIgniter->run()
CRITICAL - 2023-01-17 03:09:01 --> Undefined array key "sortBy"
in APPPATH\Models\Properties.php on line 45.
 1 APPPATH\Models\Properties.php(45): CodeIgniter\Debug\Exceptions->errorHandler(2, 'Undefined array key "sortBy"', 'APPPATH\\Models\\Properties.php', 45)
 2 APPPATH\Controllers\Home.php(16): App\Models\Properties->filterData([])
 3 SYSTEMPATH\CodeIgniter.php(925): App\Controllers\Home->index()
 4 SYSTEMPATH\CodeIgniter.php(480): CodeIgniter\CodeIgniter->runController(Object(App\Controllers\Home))
 5 SYSTEMPATH\CodeIgniter.php(349): CodeIgniter\CodeIgniter->handleRequest(null, Object(Config\Cache), false)
 6 FCPATH\index.php(67): CodeIgniter\CodeIgniter->run()
CRITICAL - 2023-01-17 06:22:31 --> Undefined array key "sortBy"
in APPPATH\Models\Properties.php on line 45.
 1 APPPATH\Models\Properties.php(45): CodeIgniter\Debug\Exceptions->errorHandler(2, 'Undefined array key "sortBy"', 'APPPATH\\Models\\Properties.php', 45)
 2 APPPATH\Controllers\Home.php(16): App\Models\Properties->filterData([])
 3 SYSTEMPATH\CodeIgniter.php(925): App\Controllers\Home->index()
 4 SYSTEMPATH\CodeIgniter.php(480): CodeIgniter\CodeIgniter->runController(Object(App\Controllers\Home))
 5 SYSTEMPATH\CodeIgniter.php(349): CodeIgniter\CodeIgniter->handleRequest(null, Object(Config\Cache), false)
 6 FCPATH\index.php(67): CodeIgniter\CodeIgniter->run()
CRITICAL - 2023-01-17 06:22:33 --> Undefined array key "sortBy"
in APPPATH\Models\Properties.php on line 45.
 1 APPPATH\Models\Properties.php(45): CodeIgniter\Debug\Exceptions->errorHandler(2, 'Undefined array key "sortBy"', 'APPPATH\\Models\\Properties.php', 45)
 2 APPPATH\Controllers\Home.php(16): App\Models\Properties->filterData([])
 3 SYSTEMPATH\CodeIgniter.php(925): App\Controllers\Home->index()
 4 SYSTEMPATH\CodeIgniter.php(480): CodeIgniter\CodeIgniter->runController(Object(App\Controllers\Home))
 5 SYSTEMPATH\CodeIgniter.php(349): CodeIgniter\CodeIgniter->handleRequest(null, Object(Config\Cache), false)
 6 FCPATH\index.php(67): CodeIgniter\CodeIgniter->run()
CRITICAL - 2023-01-17 06:23:17 --> Undefined array key "sortBy"
in APPPATH\Models\Properties.php on line 45.
 1 APPPATH\Models\Properties.php(45): CodeIgniter\Debug\Exceptions->errorHandler(2, 'Undefined array key "sortBy"', 'APPPATH\\Models\\Properties.php', 45)
 2 APPPATH\Controllers\Home.php(16): App\Models\Properties->filterData([])
 3 SYSTEMPATH\CodeIgniter.php(925): App\Controllers\Home->index()
 4 SYSTEMPATH\CodeIgniter.php(480): CodeIgniter\CodeIgniter->runController(Object(App\Controllers\Home))
 5 SYSTEMPATH\CodeIgniter.php(349): CodeIgniter\CodeIgniter->handleRequest(null, Object(Config\Cache), false)
 6 FCPATH\index.php(67): CodeIgniter\CodeIgniter->run()
CRITICAL - 2023-01-17 06:24:59 --> Undefined array key "sortBy"
in APPPATH\Models\Properties.php on line 45.
 1 APPPATH\Models\Properties.php(45): CodeIgniter\Debug\Exceptions->errorHandler(2, 'Undefined array key "sortBy"', 'APPPATH\\Models\\Properties.php', 45)
 2 APPPATH\Controllers\Home.php(16): App\Models\Properties->filterData([])
 3 SYSTEMPATH\CodeIgniter.php(925): App\Controllers\Home->index()
 4 SYSTEMPATH\CodeIgniter.php(480): CodeIgniter\CodeIgniter->runController(Object(App\Controllers\Home))
 5 SYSTEMPATH\CodeIgniter.php(349): CodeIgniter\CodeIgniter->handleRequest(null, Object(Config\Cache), false)
 6 FCPATH\index.php(67): CodeIgniter\CodeIgniter->run()
CRITICAL - 2023-01-17 06:25:01 --> Undefined array key "sortBy"
in APPPATH\Models\Properties.php on line 45.
 1 APPPATH\Models\Properties.php(45): CodeIgniter\Debug\Exceptions->errorHandler(2, 'Undefined array key "sortBy"', 'APPPATH\\Models\\Properties.php', 45)
 2 APPPATH\Controllers\Home.php(16): App\Models\Properties->filterData([])
 3 SYSTEMPATH\CodeIgniter.php(925): App\Controllers\Home->index()
 4 SYSTEMPATH\CodeIgniter.php(480): CodeIgniter\CodeIgniter->runController(Object(App\Controllers\Home))
 5 SYSTEMPATH\CodeIgniter.php(349): CodeIgniter\CodeIgniter->handleRequest(null, Object(Config\Cache), false)
 6 FCPATH\index.php(67): CodeIgniter\CodeIgniter->run()
CRITICAL - 2023-01-17 06:25:02 --> Undefined array key "sortBy"
in APPPATH\Models\Properties.php on line 45.
 1 APPPATH\Models\Properties.php(45): CodeIgniter\Debug\Exceptions->errorHandler(2, 'Undefined array key "sortBy"', 'APPPATH\\Models\\Properties.php', 45)
 2 APPPATH\Controllers\Home.php(16): App\Models\Properties->filterData([])
 3 SYSTEMPATH\CodeIgniter.php(925): App\Controllers\Home->index()
 4 SYSTEMPATH\CodeIgniter.php(480): CodeIgniter\CodeIgniter->runController(Object(App\Controllers\Home))
 5 SYSTEMPATH\CodeIgniter.php(349): CodeIgniter\CodeIgniter->handleRequest(null, Object(Config\Cache), false)
 6 FCPATH\index.php(67): CodeIgniter\CodeIgniter->run()
CRITICAL - 2023-01-17 06:25:51 --> Undefined array key "sortBy"
in APPPATH\Models\Properties.php on line 45.
 1 APPPATH\Models\Properties.php(45): CodeIgniter\Debug\Exceptions->errorHandler(2, 'Undefined array key "sortBy"', 'APPPATH\\Models\\Properties.php', 45)
 2 APPPATH\Controllers\Home.php(16): App\Models\Properties->filterData([])
 3 SYSTEMPATH\CodeIgniter.php(925): App\Controllers\Home->index()
 4 SYSTEMPATH\CodeIgniter.php(480): CodeIgniter\CodeIgniter->runController(Object(App\Controllers\Home))
 5 SYSTEMPATH\CodeIgniter.php(349): CodeIgniter\CodeIgniter->handleRequest(null, Object(Config\Cache), false)
 6 FCPATH\index.php(67): CodeIgniter\CodeIgniter->run()
CRITICAL - 2023-01-17 06:26:35 --> Undefined array key "sortBy"
in APPPATH\Models\Properties.php on line 45.
 1 APPPATH\Models\Properties.php(45): CodeIgniter\Debug\Exceptions->errorHandler(2, 'Undefined array key "sortBy"', 'APPPATH\\Models\\Properties.php', 45)
 2 APPPATH\Controllers\Home.php(16): App\Models\Properties->filterData([])
 3 SYSTEMPATH\CodeIgniter.php(925): App\Controllers\Home->index()
 4 SYSTEMPATH\CodeIgniter.php(480): CodeIgniter\CodeIgniter->runController(Object(App\Controllers\Home))
 5 SYSTEMPATH\CodeIgniter.php(349): CodeIgniter\CodeIgniter->handleRequest(null, Object(Config\Cache), false)
 6 FCPATH\index.php(67): CodeIgniter\CodeIgniter->run()
CRITICAL - 2023-01-17 06:26:36 --> Undefined array key "sortBy"
in APPPATH\Models\Properties.php on line 45.
 1 APPPATH\Models\Properties.php(45): CodeIgniter\Debug\Exceptions->errorHandler(2, 'Undefined array key "sortBy"', 'APPPATH\\Models\\Properties.php', 45)
 2 APPPATH\Controllers\Home.php(16): App\Models\Properties->filterData([])
 3 SYSTEMPATH\CodeIgniter.php(925): App\Controllers\Home->index()
 4 SYSTEMPATH\CodeIgniter.php(480): CodeIgniter\CodeIgniter->runController(Object(App\Controllers\Home))
 5 SYSTEMPATH\CodeIgniter.php(349): CodeIgniter\CodeIgniter->handleRequest(null, Object(Config\Cache), false)
 6 FCPATH\index.php(67): CodeIgniter\CodeIgniter->run()
CRITICAL - 2023-01-17 06:26:38 --> Undefined array key "sortBy"
in APPPATH\Models\Properties.php on line 45.
 1 APPPATH\Models\Properties.php(45): CodeIgniter\Debug\Exceptions->errorHandler(2, 'Undefined array key "sortBy"', 'APPPATH\\Models\\Properties.php', 45)
 2 APPPATH\Controllers\Home.php(16): App\Models\Properties->filterData([])
 3 SYSTEMPATH\CodeIgniter.php(925): App\Controllers\Home->index()
 4 SYSTEMPATH\CodeIgniter.php(480): CodeIgniter\CodeIgniter->runController(Object(App\Controllers\Home))
 5 SYSTEMPATH\CodeIgniter.php(349): CodeIgniter\CodeIgniter->handleRequest(null, Object(Config\Cache), false)
 6 FCPATH\index.php(67): CodeIgniter\CodeIgniter->run()
CRITICAL - 2023-01-17 06:37:07 --> Undefined array key "sortBy"
in APPPATH\Models\Properties.php on line 45.
 1 APPPATH\Models\Properties.php(45): CodeIgniter\Debug\Exceptions->errorHandler(2, 'Undefined array key "sortBy"', 'APPPATH\\Models\\Properties.php', 45)
 2 APPPATH\Controllers\Home.php(16): App\Models\Properties->filterData([])
 3 SYSTEMPATH\CodeIgniter.php(925): App\Controllers\Home->index()
 4 SYSTEMPATH\CodeIgniter.php(480): CodeIgniter\CodeIgniter->runController(Object(App\Controllers\Home))
 5 SYSTEMPATH\CodeIgniter.php(349): CodeIgniter\CodeIgniter->handleRequest(null, Object(Config\Cache), false)
 6 FCPATH\index.php(67): CodeIgniter\CodeIgniter->run()
CRITICAL - 2023-01-17 06:37:12 --> Undefined array key "sortBy"
in APPPATH\Models\Properties.php on line 45.
 1 APPPATH\Models\Properties.php(45): CodeIgniter\Debug\Exceptions->errorHandler(2, 'Undefined array key "sortBy"', 'APPPATH\\Models\\Properties.php', 45)
 2 APPPATH\Controllers\Home.php(16): App\Models\Properties->filterData([])
 3 SYSTEMPATH\CodeIgniter.php(925): App\Controllers\Home->index()
 4 SYSTEMPATH\CodeIgniter.php(480): CodeIgniter\CodeIgniter->runController(Object(App\Controllers\Home))
 5 SYSTEMPATH\CodeIgniter.php(349): CodeIgniter\CodeIgniter->handleRequest(null, Object(Config\Cache), false)
 6 FCPATH\index.php(67): CodeIgniter\CodeIgniter->run()
CRITICAL - 2023-01-17 06:37:29 --> Undefined array key "sortBy"
in APPPATH\Models\Properties.php on line 45.
 1 APPPATH\Models\Properties.php(45): CodeIgniter\Debug\Exceptions->errorHandler(2, 'Undefined array key "sortBy"', 'APPPATH\\Models\\Properties.php', 45)
 2 APPPATH\Controllers\Home.php(16): App\Models\Properties->filterData([])
 3 SYSTEMPATH\CodeIgniter.php(925): App\Controllers\Home->index()
 4 SYSTEMPATH\CodeIgniter.php(480): CodeIgniter\CodeIgniter->runController(Object(App\Controllers\Home))
 5 SYSTEMPATH\CodeIgniter.php(349): CodeIgniter\CodeIgniter->handleRequest(null, Object(Config\Cache), false)
 6 FCPATH\index.php(67): CodeIgniter\CodeIgniter->run()
CRITICAL - 2023-01-17 06:37:37 --> Undefined array key "sortBy"
in APPPATH\Models\Properties.php on line 45.
 1 APPPATH\Models\Properties.php(45): CodeIgniter\Debug\Exceptions->errorHandler(2, 'Undefined array key "sortBy"', 'APPPATH\\Models\\Properties.php', 45)
 2 APPPATH\Controllers\Home.php(16): App\Models\Properties->filterData([])
 3 SYSTEMPATH\CodeIgniter.php(925): App\Controllers\Home->index()
 4 SYSTEMPATH\CodeIgniter.php(480): CodeIgniter\CodeIgniter->runController(Object(App\Controllers\Home))
 5 SYSTEMPATH\CodeIgniter.php(349): CodeIgniter\CodeIgniter->handleRequest(null, Object(Config\Cache), false)
 6 FCPATH\index.php(67): CodeIgniter\CodeIgniter->run()
CRITICAL - 2023-01-17 06:37:39 --> Undefined array key "sortBy"
in APPPATH\Models\Properties.php on line 45.
 1 APPPATH\Models\Properties.php(45): CodeIgniter\Debug\Exceptions->errorHandler(2, 'Undefined array key "sortBy"', 'APPPATH\\Models\\Properties.php', 45)
 2 APPPATH\Controllers\Home.php(16): App\Models\Properties->filterData([])
 3 SYSTEMPATH\CodeIgniter.php(925): App\Controllers\Home->index()
 4 SYSTEMPATH\CodeIgniter.php(480): CodeIgniter\CodeIgniter->runController(Object(App\Controllers\Home))
 5 SYSTEMPATH\CodeIgniter.php(349): CodeIgniter\CodeIgniter->handleRequest(null, Object(Config\Cache), false)
 6 FCPATH\index.php(67): CodeIgniter\CodeIgniter->run()
CRITICAL - 2023-01-17 06:37:40 --> Undefined array key "sortBy"
in APPPATH\Models\Properties.php on line 45.
 1 APPPATH\Models\Properties.php(45): CodeIgniter\Debug\Exceptions->errorHandler(2, 'Undefined array key "sortBy"', 'APPPATH\\Models\\Properties.php', 45)
 2 APPPATH\Controllers\Home.php(16): App\Models\Properties->filterData([])
 3 SYSTEMPATH\CodeIgniter.php(925): App\Controllers\Home->index()
 4 SYSTEMPATH\CodeIgniter.php(480): CodeIgniter\CodeIgniter->runController(Object(App\Controllers\Home))
 5 SYSTEMPATH\CodeIgniter.php(349): CodeIgniter\CodeIgniter->handleRequest(null, Object(Config\Cache), false)
 6 FCPATH\index.php(67): CodeIgniter\CodeIgniter->run()
CRITICAL - 2023-01-17 06:39:02 --> Undefined array key "sortBy"
in APPPATH\Models\Properties.php on line 45.
 1 APPPATH\Models\Properties.php(45): CodeIgniter\Debug\Exceptions->errorHandler(2, 'Undefined array key "sortBy"', 'APPPATH\\Models\\Properties.php', 45)
 2 APPPATH\Controllers\Home.php(16): App\Models\Properties->filterData([])
 3 SYSTEMPATH\CodeIgniter.php(925): App\Controllers\Home->index()
 4 SYSTEMPATH\CodeIgniter.php(480): CodeIgniter\CodeIgniter->runController(Object(App\Controllers\Home))
 5 SYSTEMPATH\CodeIgniter.php(349): CodeIgniter\CodeIgniter->handleRequest(null, Object(Config\Cache), false)
 6 FCPATH\index.php(67): CodeIgniter\CodeIgniter->run()
CRITICAL - 2023-01-17 06:39:05 --> Undefined array key "sortBy"
in APPPATH\Models\Properties.php on line 45.
 1 APPPATH\Models\Properties.php(45): CodeIgniter\Debug\Exceptions->errorHandler(2, 'Undefined array key "sortBy"', 'APPPATH\\Models\\Properties.php', 45)
 2 APPPATH\Controllers\Home.php(16): App\Models\Properties->filterData([])
 3 SYSTEMPATH\CodeIgniter.php(925): App\Controllers\Home->index()
 4 SYSTEMPATH\CodeIgniter.php(480): CodeIgniter\CodeIgniter->runController(Object(App\Controllers\Home))
 5 SYSTEMPATH\CodeIgniter.php(349): CodeIgniter\CodeIgniter->handleRequest(null, Object(Config\Cache), false)
 6 FCPATH\index.php(67): CodeIgniter\CodeIgniter->run()
CRITICAL - 2023-01-17 06:39:06 --> Undefined array key "sortBy"
in APPPATH\Models\Properties.php on line 45.
 1 APPPATH\Models\Properties.php(45): CodeIgniter\Debug\Exceptions->errorHandler(2, 'Undefined array key "sortBy"', 'APPPATH\\Models\\Properties.php', 45)
 2 APPPATH\Controllers\Home.php(16): App\Models\Properties->filterData([])
 3 SYSTEMPATH\CodeIgniter.php(925): App\Controllers\Home->index()
 4 SYSTEMPATH\CodeIgniter.php(480): CodeIgniter\CodeIgniter->runController(Object(App\Controllers\Home))
 5 SYSTEMPATH\CodeIgniter.php(349): CodeIgniter\CodeIgniter->handleRequest(null, Object(Config\Cache), false)
 6 FCPATH\index.php(67): CodeIgniter\CodeIgniter->run()
CRITICAL - 2023-01-17 06:42:17 --> Undefined array key "sortBy"
in APPPATH\Models\Properties.php on line 45.
 1 APPPATH\Models\Properties.php(45): CodeIgniter\Debug\Exceptions->errorHandler(2, 'Undefined array key "sortBy"', 'APPPATH\\Models\\Properties.php', 45)
 2 APPPATH\Controllers\Home.php(16): App\Models\Properties->filterData([])
 3 SYSTEMPATH\CodeIgniter.php(925): App\Controllers\Home->index()
 4 SYSTEMPATH\CodeIgniter.php(480): CodeIgniter\CodeIgniter->runController(Object(App\Controllers\Home))
 5 SYSTEMPATH\CodeIgniter.php(349): CodeIgniter\CodeIgniter->handleRequest(null, Object(Config\Cache), false)
 6 FCPATH\index.php(67): CodeIgniter\CodeIgniter->run()
CRITICAL - 2023-01-17 06:42:18 --> Undefined array key "sortBy"
in APPPATH\Models\Properties.php on line 45.
 1 APPPATH\Models\Properties.php(45): CodeIgniter\Debug\Exceptions->errorHandler(2, 'Undefined array key "sortBy"', 'APPPATH\\Models\\Properties.php', 45)
 2 APPPATH\Controllers\Home.php(16): App\Models\Properties->filterData([])
 3 SYSTEMPATH\CodeIgniter.php(925): App\Controllers\Home->index()
 4 SYSTEMPATH\CodeIgniter.php(480): CodeIgniter\CodeIgniter->runController(Object(App\Controllers\Home))
 5 SYSTEMPATH\CodeIgniter.php(349): CodeIgniter\CodeIgniter->handleRequest(null, Object(Config\Cache), false)
 6 FCPATH\index.php(67): CodeIgniter\CodeIgniter->run()
CRITICAL - 2023-01-17 06:42:22 --> Undefined array key "sortBy"
in APPPATH\Models\Properties.php on line 45.
 1 APPPATH\Models\Properties.php(45): CodeIgniter\Debug\Exceptions->errorHandler(2, 'Undefined array key "sortBy"', 'APPPATH\\Models\\Properties.php', 45)
 2 APPPATH\Controllers\Home.php(16): App\Models\Properties->filterData([])
 3 SYSTEMPATH\CodeIgniter.php(925): App\Controllers\Home->index()
 4 SYSTEMPATH\CodeIgniter.php(480): CodeIgniter\CodeIgniter->runController(Object(App\Controllers\Home))
 5 SYSTEMPATH\CodeIgniter.php(349): CodeIgniter\CodeIgniter->handleRequest(null, Object(Config\Cache), false)
 6 FCPATH\index.php(67): CodeIgniter\CodeIgniter->run()
CRITICAL - 2023-01-17 06:47:51 --> Undefined array key "sortBy"
in APPPATH\Models\Properties.php on line 45.
 1 APPPATH\Models\Properties.php(45): CodeIgniter\Debug\Exceptions->errorHandler(2, 'Undefined array key "sortBy"', 'APPPATH\\Models\\Properties.php', 45)
 2 APPPATH\Controllers\Home.php(16): App\Models\Properties->filterData([])
 3 SYSTEMPATH\CodeIgniter.php(925): App\Controllers\Home->index()
 4 SYSTEMPATH\CodeIgniter.php(480): CodeIgniter\CodeIgniter->runController(Object(App\Controllers\Home))
 5 SYSTEMPATH\CodeIgniter.php(349): CodeIgniter\CodeIgniter->handleRequest(null, Object(Config\Cache), false)
 6 FCPATH\index.php(67): CodeIgniter\CodeIgniter->run()
CRITICAL - 2023-01-17 06:47:52 --> Undefined array key "sortBy"
in APPPATH\Models\Properties.php on line 45.
 1 APPPATH\Models\Properties.php(45): CodeIgniter\Debug\Exceptions->errorHandler(2, 'Undefined array key "sortBy"', 'APPPATH\\Models\\Properties.php', 45)
 2 APPPATH\Controllers\Home.php(16): App\Models\Properties->filterData([])
 3 SYSTEMPATH\CodeIgniter.php(925): App\Controllers\Home->index()
 4 SYSTEMPATH\CodeIgniter.php(480): CodeIgniter\CodeIgniter->runController(Object(App\Controllers\Home))
 5 SYSTEMPATH\CodeIgniter.php(349): CodeIgniter\CodeIgniter->handleRequest(null, Object(Config\Cache), false)
 6 FCPATH\index.php(67): CodeIgniter\CodeIgniter->run()
CRITICAL - 2023-01-17 06:47:53 --> Undefined array key "sortBy"
in APPPATH\Models\Properties.php on line 45.
 1 APPPATH\Models\Properties.php(45): CodeIgniter\Debug\Exceptions->errorHandler(2, 'Undefined array key "sortBy"', 'APPPATH\\Models\\Properties.php', 45)
 2 APPPATH\Controllers\Home.php(16): App\Models\Properties->filterData([])
 3 SYSTEMPATH\CodeIgniter.php(925): App\Controllers\Home->index()
 4 SYSTEMPATH\CodeIgniter.php(480): CodeIgniter\CodeIgniter->runController(Object(App\Controllers\Home))
 5 SYSTEMPATH\CodeIgniter.php(349): CodeIgniter\CodeIgniter->handleRequest(null, Object(Config\Cache), false)
 6 FCPATH\index.php(67): CodeIgniter\CodeIgniter->run()
CRITICAL - 2023-01-17 06:56:07 --> Undefined array key "sortBy"
in APPPATH\Models\Properties.php on line 45.
 1 APPPATH\Models\Properties.php(45): CodeIgniter\Debug\Exceptions->errorHandler(2, 'Undefined array key "sortBy"', 'APPPATH\\Models\\Properties.php', 45)
 2 APPPATH\Controllers\Home.php(16): App\Models\Properties->filterData([])
 3 SYSTEMPATH\CodeIgniter.php(925): App\Controllers\Home->index()
 4 SYSTEMPATH\CodeIgniter.php(480): CodeIgniter\CodeIgniter->runController(Object(App\Controllers\Home))
 5 SYSTEMPATH\CodeIgniter.php(349): CodeIgniter\CodeIgniter->handleRequest(null, Object(Config\Cache), false)
 6 FCPATH\index.php(67): CodeIgniter\CodeIgniter->run()
CRITICAL - 2023-01-17 06:56:08 --> Undefined array key "sortBy"
in APPPATH\Models\Properties.php on line 45.
 1 APPPATH\Models\Properties.php(45): CodeIgniter\Debug\Exceptions->errorHandler(2, 'Undefined array key "sortBy"', 'APPPATH\\Models\\Properties.php', 45)
 2 APPPATH\Controllers\Home.php(16): App\Models\Properties->filterData([])
 3 SYSTEMPATH\CodeIgniter.php(925): App\Controllers\Home->index()
 4 SYSTEMPATH\CodeIgniter.php(480): CodeIgniter\CodeIgniter->runController(Object(App\Controllers\Home))
 5 SYSTEMPATH\CodeIgniter.php(349): CodeIgniter\CodeIgniter->handleRequest(null, Object(Config\Cache), false)
 6 FCPATH\index.php(67): CodeIgniter\CodeIgniter->run()
CRITICAL - 2023-01-17 06:56:09 --> Undefined array key "sortBy"
in APPPATH\Models\Properties.php on line 45.
 1 APPPATH\Models\Properties.php(45): CodeIgniter\Debug\Exceptions->errorHandler(2, 'Undefined array key "sortBy"', 'APPPATH\\Models\\Properties.php', 45)
 2 APPPATH\Controllers\Home.php(16): App\Models\Properties->filterData([])
 3 SYSTEMPATH\CodeIgniter.php(925): App\Controllers\Home->index()
 4 SYSTEMPATH\CodeIgniter.php(480): CodeIgniter\CodeIgniter->runController(Object(App\Controllers\Home))
 5 SYSTEMPATH\CodeIgniter.php(349): CodeIgniter\CodeIgniter->handleRequest(null, Object(Config\Cache), false)
 6 FCPATH\index.php(67): CodeIgniter\CodeIgniter->run()
CRITICAL - 2023-01-17 07:06:54 --> Undefined array key "sortBy"
in APPPATH\Models\Properties.php on line 45.
 1 APPPATH\Models\Properties.php(45): CodeIgniter\Debug\Exceptions->errorHandler(2, 'Undefined array key "sortBy"', 'APPPATH\\Models\\Properties.php', 45)
 2 APPPATH\Controllers\Home.php(16): App\Models\Properties->filterData([])
 3 SYSTEMPATH\CodeIgniter.php(925): App\Controllers\Home->index()
 4 SYSTEMPATH\CodeIgniter.php(480): CodeIgniter\CodeIgniter->runController(Object(App\Controllers\Home))
 5 SYSTEMPATH\CodeIgniter.php(349): CodeIgniter\CodeIgniter->handleRequest(null, Object(Config\Cache), false)
 6 FCPATH\index.php(67): CodeIgniter\CodeIgniter->run()
CRITICAL - 2023-01-17 07:06:55 --> Undefined array key "sortBy"
in APPPATH\Models\Properties.php on line 45.
 1 APPPATH\Models\Properties.php(45): CodeIgniter\Debug\Exceptions->errorHandler(2, 'Undefined array key "sortBy"', 'APPPATH\\Models\\Properties.php', 45)
 2 APPPATH\Controllers\Home.php(16): App\Models\Properties->filterData([])
 3 SYSTEMPATH\CodeIgniter.php(925): App\Controllers\Home->index()
 4 SYSTEMPATH\CodeIgniter.php(480): CodeIgniter\CodeIgniter->runController(Object(App\Controllers\Home))
 5 SYSTEMPATH\CodeIgniter.php(349): CodeIgniter\CodeIgniter->handleRequest(null, Object(Config\Cache), false)
 6 FCPATH\index.php(67): CodeIgniter\CodeIgniter->run()
CRITICAL - 2023-01-17 07:06:56 --> Undefined array key "sortBy"
in APPPATH\Models\Properties.php on line 45.
 1 APPPATH\Models\Properties.php(45): CodeIgniter\Debug\Exceptions->errorHandler(2, 'Undefined array key "sortBy"', 'APPPATH\\Models\\Properties.php', 45)
 2 APPPATH\Controllers\Home.php(16): App\Models\Properties->filterData([])
 3 SYSTEMPATH\CodeIgniter.php(925): App\Controllers\Home->index()
 4 SYSTEMPATH\CodeIgniter.php(480): CodeIgniter\CodeIgniter->runController(Object(App\Controllers\Home))
 5 SYSTEMPATH\CodeIgniter.php(349): CodeIgniter\CodeIgniter->handleRequest(null, Object(Config\Cache), false)
 6 FCPATH\index.php(67): CodeIgniter\CodeIgniter->run()
CRITICAL - 2023-01-17 07:06:57 --> Undefined array key "sortBy"
in APPPATH\Models\Properties.php on line 45.
 1 APPPATH\Models\Properties.php(45): CodeIgniter\Debug\Exceptions->errorHandler(2, 'Undefined array key "sortBy"', 'APPPATH\\Models\\Properties.php', 45)
 2 APPPATH\Controllers\Home.php(16): App\Models\Properties->filterData([])
 3 SYSTEMPATH\CodeIgniter.php(925): App\Controllers\Home->index()
 4 SYSTEMPATH\CodeIgniter.php(480): CodeIgniter\CodeIgniter->runController(Object(App\Controllers\Home))
 5 SYSTEMPATH\CodeIgniter.php(349): CodeIgniter\CodeIgniter->handleRequest(null, Object(Config\Cache), false)
 6 FCPATH\index.php(67): CodeIgniter\CodeIgniter->run()
CRITICAL - 2023-01-17 07:06:59 --> Undefined array key "sortBy"
in APPPATH\Models\Properties.php on line 45.
 1 APPPATH\Models\Properties.php(45): CodeIgniter\Debug\Exceptions->errorHandler(2, 'Undefined array key "sortBy"', 'APPPATH\\Models\\Properties.php', 45)
 2 APPPATH\Controllers\Home.php(16): App\Models\Properties->filterData([])
 3 SYSTEMPATH\CodeIgniter.php(925): App\Controllers\Home->index()
 4 SYSTEMPATH\CodeIgniter.php(480): CodeIgniter\CodeIgniter->runController(Object(App\Controllers\Home))
 5 SYSTEMPATH\CodeIgniter.php(349): CodeIgniter\CodeIgniter->handleRequest(null, Object(Config\Cache), false)
 6 FCPATH\index.php(67): CodeIgniter\CodeIgniter->run()
CRITICAL - 2023-01-17 07:13:42 --> Undefined array key "sortBy"
in APPPATH\Models\Properties.php on line 45.
 1 APPPATH\Models\Properties.php(45): CodeIgniter\Debug\Exceptions->errorHandler(2, 'Undefined array key "sortBy"', 'APPPATH\\Models\\Properties.php', 45)
 2 APPPATH\Controllers\Home.php(16): App\Models\Properties->filterData([])
 3 SYSTEMPATH\CodeIgniter.php(925): App\Controllers\Home->index()
 4 SYSTEMPATH\CodeIgniter.php(480): CodeIgniter\CodeIgniter->runController(Object(App\Controllers\Home))
 5 SYSTEMPATH\CodeIgniter.php(349): CodeIgniter\CodeIgniter->handleRequest(null, Object(Config\Cache), false)
 6 FCPATH\index.php(67): CodeIgniter\CodeIgniter->run()
CRITICAL - 2023-01-17 07:13:44 --> Undefined array key "sortBy"
in APPPATH\Models\Properties.php on line 45.
 1 APPPATH\Models\Properties.php(45): CodeIgniter\Debug\Exceptions->errorHandler(2, 'Undefined array key "sortBy"', 'APPPATH\\Models\\Properties.php', 45)
 2 APPPATH\Controllers\Home.php(16): App\Models\Properties->filterData([])
 3 SYSTEMPATH\CodeIgniter.php(925): App\Controllers\Home->index()
 4 SYSTEMPATH\CodeIgniter.php(480): CodeIgniter\CodeIgniter->runController(Object(App\Controllers\Home))
 5 SYSTEMPATH\CodeIgniter.php(349): CodeIgniter\CodeIgniter->handleRequest(null, Object(Config\Cache), false)
 6 FCPATH\index.php(67): CodeIgniter\CodeIgniter->run()
CRITICAL - 2023-01-17 07:13:45 --> Undefined array key "sortBy"
in APPPATH\Models\Properties.php on line 45.
 1 APPPATH\Models\Properties.php(45): CodeIgniter\Debug\Exceptions->errorHandler(2, 'Undefined array key "sortBy"', 'APPPATH\\Models\\Properties.php', 45)
 2 APPPATH\Controllers\Home.php(16): App\Models\Properties->filterData([])
 3 SYSTEMPATH\CodeIgniter.php(925): App\Controllers\Home->index()
 4 SYSTEMPATH\CodeIgniter.php(480): CodeIgniter\CodeIgniter->runController(Object(App\Controllers\Home))
 5 SYSTEMPATH\CodeIgniter.php(349): CodeIgniter\CodeIgniter->handleRequest(null, Object(Config\Cache), false)
 6 FCPATH\index.php(67): CodeIgniter\CodeIgniter->run()
CRITICAL - 2023-01-17 07:14:05 --> Undefined array key "sortBy"
in APPPATH\Models\Properties.php on line 45.
 1 APPPATH\Models\Properties.php(45): CodeIgniter\Debug\Exceptions->errorHandler(2, 'Undefined array key "sortBy"', 'APPPATH\\Models\\Properties.php', 45)
 2 APPPATH\Controllers\Home.php(16): App\Models\Properties->filterData([])
 3 SYSTEMPATH\CodeIgniter.php(925): App\Controllers\Home->index()
 4 SYSTEMPATH\CodeIgniter.php(480): CodeIgniter\CodeIgniter->runController(Object(App\Controllers\Home))
 5 SYSTEMPATH\CodeIgniter.php(349): CodeIgniter\CodeIgniter->handleRequest(null, Object(Config\Cache), false)
 6 FCPATH\index.php(67): CodeIgniter\CodeIgniter->run()
CRITICAL - 2023-01-17 07:24:29 --> Undefined array key "sortBy"
in APPPATH\Models\Properties.php on line 45.
 1 APPPATH\Models\Properties.php(45): CodeIgniter\Debug\Exceptions->errorHandler(2, 'Undefined array key "sortBy"', 'APPPATH\\Models\\Properties.php', 45)
 2 APPPATH\Controllers\Home.php(16): App\Models\Properties->filterData([])
 3 SYSTEMPATH\CodeIgniter.php(925): App\Controllers\Home->index()
 4 SYSTEMPATH\CodeIgniter.php(480): CodeIgniter\CodeIgniter->runController(Object(App\Controllers\Home))
 5 SYSTEMPATH\CodeIgniter.php(349): CodeIgniter\CodeIgniter->handleRequest(null, Object(Config\Cache), false)
 6 FCPATH\index.php(67): CodeIgniter\CodeIgniter->run()
CRITICAL - 2023-01-17 07:24:31 --> Undefined array key "sortBy"
in APPPATH\Models\Properties.php on line 45.
 1 APPPATH\Models\Properties.php(45): CodeIgniter\Debug\Exceptions->errorHandler(2, 'Undefined array key "sortBy"', 'APPPATH\\Models\\Properties.php', 45)
 2 APPPATH\Controllers\Home.php(16): App\Models\Properties->filterData([])
 3 SYSTEMPATH\CodeIgniter.php(925): App\Controllers\Home->index()
 4 SYSTEMPATH\CodeIgniter.php(480): CodeIgniter\CodeIgniter->runController(Object(App\Controllers\Home))
 5 SYSTEMPATH\CodeIgniter.php(349): CodeIgniter\CodeIgniter->handleRequest(null, Object(Config\Cache), false)
 6 FCPATH\index.php(67): CodeIgniter\CodeIgniter->run()
CRITICAL - 2023-01-17 07:24:33 --> Undefined array key "sortBy"
in APPPATH\Models\Properties.php on line 45.
 1 APPPATH\Models\Properties.php(45): CodeIgniter\Debug\Exceptions->errorHandler(2, 'Undefined array key "sortBy"', 'APPPATH\\Models\\Properties.php', 45)
 2 APPPATH\Controllers\Home.php(16): App\Models\Properties->filterData([])
 3 SYSTEMPATH\CodeIgniter.php(925): App\Controllers\Home->index()
 4 SYSTEMPATH\CodeIgniter.php(480): CodeIgniter\CodeIgniter->runController(Object(App\Controllers\Home))
 5 SYSTEMPATH\CodeIgniter.php(349): CodeIgniter\CodeIgniter->handleRequest(null, Object(Config\Cache), false)
 6 FCPATH\index.php(67): CodeIgniter\CodeIgniter->run()
CRITICAL - 2023-01-17 07:26:07 --> Undefined array key "sortBy"
in APPPATH\Models\Properties.php on line 45.
 1 APPPATH\Models\Properties.php(45): CodeIgniter\Debug\Exceptions->errorHandler(2, 'Undefined array key "sortBy"', 'APPPATH\\Models\\Properties.php', 45)
 2 APPPATH\Controllers\Home.php(16): App\Models\Properties->filterData([])
 3 SYSTEMPATH\CodeIgniter.php(925): App\Controllers\Home->index()
 4 SYSTEMPATH\CodeIgniter.php(480): CodeIgniter\CodeIgniter->runController(Object(App\Controllers\Home))
 5 SYSTEMPATH\CodeIgniter.php(349): CodeIgniter\CodeIgniter->handleRequest(null, Object(Config\Cache), false)
 6 FCPATH\index.php(67): CodeIgniter\CodeIgniter->run()
CRITICAL - 2023-01-17 07:26:13 --> Undefined array key "sortBy"
in APPPATH\Models\Properties.php on line 45.
 1 APPPATH\Models\Properties.php(45): CodeIgniter\Debug\Exceptions->errorHandler(2, 'Undefined array key "sortBy"', 'APPPATH\\Models\\Properties.php', 45)
 2 APPPATH\Controllers\Home.php(16): App\Models\Properties->filterData([])
 3 SYSTEMPATH\CodeIgniter.php(925): App\Controllers\Home->index()
 4 SYSTEMPATH\CodeIgniter.php(480): CodeIgniter\CodeIgniter->runController(Object(App\Controllers\Home))
 5 SYSTEMPATH\CodeIgniter.php(349): CodeIgniter\CodeIgniter->handleRequest(null, Object(Config\Cache), false)
 6 FCPATH\index.php(67): CodeIgniter\CodeIgniter->run()
CRITICAL - 2023-01-17 07:26:14 --> Undefined array key "sortBy"
in APPPATH\Models\Properties.php on line 45.
 1 APPPATH\Models\Properties.php(45): CodeIgniter\Debug\Exceptions->errorHandler(2, 'Undefined array key "sortBy"', 'APPPATH\\Models\\Properties.php', 45)
 2 APPPATH\Controllers\Home.php(16): App\Models\Properties->filterData([])
 3 SYSTEMPATH\CodeIgniter.php(925): App\Controllers\Home->index()
 4 SYSTEMPATH\CodeIgniter.php(480): CodeIgniter\CodeIgniter->runController(Object(App\Controllers\Home))
 5 SYSTEMPATH\CodeIgniter.php(349): CodeIgniter\CodeIgniter->handleRequest(null, Object(Config\Cache), false)
 6 FCPATH\index.php(67): CodeIgniter\CodeIgniter->run()
CRITICAL - 2023-01-17 07:26:16 --> Undefined array key "sortBy"
in APPPATH\Models\Properties.php on line 45.
 1 APPPATH\Models\Properties.php(45): CodeIgniter\Debug\Exceptions->errorHandler(2, 'Undefined array key "sortBy"', 'APPPATH\\Models\\Properties.php', 45)
 2 APPPATH\Controllers\Home.php(16): App\Models\Properties->filterData([])
 3 SYSTEMPATH\CodeIgniter.php(925): App\Controllers\Home->index()
 4 SYSTEMPATH\CodeIgniter.php(480): CodeIgniter\CodeIgniter->runController(Object(App\Controllers\Home))
 5 SYSTEMPATH\CodeIgniter.php(349): CodeIgniter\CodeIgniter->handleRequest(null, Object(Config\Cache), false)
 6 FCPATH\index.php(67): CodeIgniter\CodeIgniter->run()
CRITICAL - 2023-01-17 07:36:09 --> Undefined array key "sortBy"
in APPPATH\Models\Properties.php on line 53.
 1 APPPATH\Models\Properties.php(53): CodeIgniter\Debug\Exceptions->errorHandler(2, 'Undefined array key "sortBy"', 'APPPATH\\Models\\Properties.php', 53)
 2 APPPATH\Controllers\Home.php(37): App\Models\Properties->filterData()
 3 SYSTEMPATH\CodeIgniter.php(925): App\Controllers\Home->index()
 4 SYSTEMPATH\CodeIgniter.php(480): CodeIgniter\CodeIgniter->runController(Object(App\Controllers\Home))
 5 SYSTEMPATH\CodeIgniter.php(349): CodeIgniter\CodeIgniter->handleRequest(null, Object(Config\Cache), false)
 6 FCPATH\index.php(67): CodeIgniter\CodeIgniter->run()
CRITICAL - 2023-01-17 07:36:10 --> Undefined array key "sortBy"
in APPPATH\Models\Properties.php on line 53.
 1 APPPATH\Models\Properties.php(53): CodeIgniter\Debug\Exceptions->errorHandler(2, 'Undefined array key "sortBy"', 'APPPATH\\Models\\Properties.php', 53)
 2 APPPATH\Controllers\Home.php(37): App\Models\Properties->filterData()
 3 SYSTEMPATH\CodeIgniter.php(925): App\Controllers\Home->index()
 4 SYSTEMPATH\CodeIgniter.php(480): CodeIgniter\CodeIgniter->runController(Object(App\Controllers\Home))
 5 SYSTEMPATH\CodeIgniter.php(349): CodeIgniter\CodeIgniter->handleRequest(null, Object(Config\Cache), false)
 6 FCPATH\index.php(67): CodeIgniter\CodeIgniter->run()
CRITICAL - 2023-01-17 07:36:11 --> Undefined array key "sortBy"
in APPPATH\Models\Properties.php on line 53.
 1 APPPATH\Models\Properties.php(53): CodeIgniter\Debug\Exceptions->errorHandler(2, 'Undefined array key "sortBy"', 'APPPATH\\Models\\Properties.php', 53)
 2 APPPATH\Controllers\Home.php(37): App\Models\Properties->filterData()
 3 SYSTEMPATH\CodeIgniter.php(925): App\Controllers\Home->index()
 4 SYSTEMPATH\CodeIgniter.php(480): CodeIgniter\CodeIgniter->runController(Object(App\Controllers\Home))
 5 SYSTEMPATH\CodeIgniter.php(349): CodeIgniter\CodeIgniter->handleRequest(null, Object(Config\Cache), false)
 6 FCPATH\index.php(67): CodeIgniter\CodeIgniter->run()
CRITICAL - 2023-01-17 07:38:00 --> syntax error, unexpected token "{"
in APPPATH\Models\Properties.php on line 53.
 1 SYSTEMPATH\Autoloader\Autoloader.php(260): CodeIgniter\Autoloader\Autoloader->includeFile('APPPATH\\Models\\Properties.php')
 2 SYSTEMPATH\Autoloader\Autoloader.php(238): CodeIgniter\Autoloader\Autoloader->loadInNamespace('App\\Models\\Properties')
 3 APPPATH\Controllers\Home.php(11): CodeIgniter\Autoloader\Autoloader->loadClass('App\\Models\\Properties')
 4 SYSTEMPATH\CodeIgniter.php(925): App\Controllers\Home->index()
 5 SYSTEMPATH\CodeIgniter.php(480): CodeIgniter\CodeIgniter->runController(Object(App\Controllers\Home))
 6 SYSTEMPATH\CodeIgniter.php(349): CodeIgniter\CodeIgniter->handleRequest(null, Object(Config\Cache), false)
 7 FCPATH\index.php(67): CodeIgniter\CodeIgniter->run()
